Started by user Xavier Oriol
Obtained pipelines/PIPELINE-FULL-CD/Jenkinsfile from git git@github.com:xavieroriol347/todo-list-aws.git
[Pipeline] Start of Pipeline
[Pipeline] node
Running on Jenkins in /var/lib/jenkins/workspace/PIPELINE-FULL-CD
[Pipeline] {
[Pipeline] stage
[Pipeline] { (Declarative: Checkout SCM)
[Pipeline] checkout
Selected Git installation does not exist. Using Default
The recommended git tool is: NONE
using credential 7e844385-a9fc-47af-a0c9-33a2aa648a36
Cloning the remote Git repository
Cloning repository git@github.com:xavieroriol347/todo-list-aws.git
 > git init /var/lib/jenkins/workspace/PIPELINE-FULL-CD # timeout=10
Fetching upstream changes from git@github.com:xavieroriol347/todo-list-aws.git
 > git --version # timeout=10
 > git --version # 'git version 2.17.1'
using GIT_ASKPASS to set credentials githubhttps
 > git fetch --tags --progress -- git@github.com:xavieroriol347/todo-list-aws.git +refs/heads/*:refs/remotes/origin/* # timeout=10
 > git config remote.origin.url git@github.com:xavieroriol347/todo-list-aws.git # timeout=10
 > git config --add remote.origin.fetch +refs/heads/*:refs/remotes/origin/* # timeout=10
Avoid second fetch
 > git rev-parse refs/remotes/origin/master^{commit} # timeout=10
Checking out Revision 94e0017ee313d7d313bad242d8ab00b1442c1517 (refs/remotes/origin/master)
 > git config core.sparsecheckout # timeout=10
 > git checkout -f 94e0017ee313d7d313bad242d8ab00b1442c1517 # timeout=10
Commit message: "test anular agente para CD"
First time build. Skipping changelog.
[Pipeline] }
[Pipeline] // stage
[Pipeline] withEnv
[Pipeline] {
[Pipeline] stage
[Pipeline] { (Staging)
[Pipeline] echo
Starting staging job
[Pipeline] build
Scheduling project: PIPELINE-FULL-STAGING
Starting building: PIPELINE-FULL-STAGING #19
[Pipeline] }
[Pipeline] // stage
[Pipeline] stage
[Pipeline] { (Merge)
[Pipeline] sh
+ set -x
+ git branch -a
* (HEAD detached at 94e0017)
  remotes/origin/develop
  remotes/origin/feature
  remotes/origin/master
+ git checkout -b develop origin/develop
Switched to a new branch 'develop'
Branch 'develop' set up to track remote branch 'develop' from 'origin'.
+ git checkout -b master origin/master
Switched to a new branch 'master'
Branch 'master' set up to track remote branch 'master' from 'origin'.
+ git merge develop
Already up to date.
+ git push origin master
Everything up-to-date
[Pipeline] }
[Pipeline] // stage
[Pipeline] stage
[Pipeline] { (Production)
[Pipeline] echo
Starting production job
[Pipeline] build
Scheduling project: PIPELINE-FULL-PRODUCTION
Starting building: PIPELINE-FULL-PRODUCTION #3
[Pipeline] }
[Pipeline] // stage
[Pipeline] stage
[Pipeline] { (Declarative: Post Actions)
[Pipeline] echo
Clean env: delete dir
[Pipeline] cleanWs
[WS-CLEANUP] Deleting project workspace...
[WS-CLEANUP] Deferred wipeout is used...
[WS-CLEANUP] done
[Pipeline] }
[Pipeline] // stage
[Pipeline] }
[Pipeline] // withEnv
[Pipeline] }
[Pipeline] // node
[Pipeline] End of Pipeline
Finished: SUCCESS
